[debug] [2019-11-25T18:05:36.863Z] ----------------------------------------------------------------------
[debug] [2019-11-25T18:05:36.865Z] Command:       C:\Program Files\nodejs\node.exe C:\Users\julio\AppData\Roaming\npm\node_modules\firebase-tools\lib\bin\firebase.js deploy
[debug] [2019-11-25T18:05:36.865Z] CLI Version:   7.8.1
[debug] [2019-11-25T18:05:36.865Z] Platform:      win32
[debug] [2019-11-25T18:05:36.865Z] Node Version:  v10.14.1
[debug] [2019-11-25T18:05:36.866Z] Time:          Mon Nov 25 2019 16:05:36 GMT-0200 (GMT-02:00)
[debug] [2019-11-25T18:05:36.867Z] ----------------------------------------------------------------------
[debug] [2019-11-25T18:05:36.867Z] 
[debug] [2019-11-25T18:05:36.878Z] > command requires scopes: ["email","openid","https://www.googleapis.com/auth/cloudplatformprojects.readonly","https://www.googleapis.com/auth/firebase","https://www.googleapis.com/auth/cloud-platform"]
[debug] [2019-11-25T18:05:36.879Z] > authorizing via signed-in user
[debug] [2019-11-25T18:05:36.879Z] [iam] checking project cao-viver for permissions ["firebase.projects.get","firebasedatabase.instances.update","firebasehosting.sites.update"]
[debug] [2019-11-25T18:05:36.881Z] >>> HTTP REQUEST POST https://cloudresourcemanager.googleapis.com/v1/projects/cao-viver:testIamPermissions  

[debug] [2019-11-25T18:05:37.917Z] <<< HTTP RESPONSE 200
[debug] [2019-11-25T18:05:37.918Z] >>> HTTP REQUEST GET https://firebase.googleapis.com/v1beta1/projects/cao-viver  
 
[debug] [2019-11-25T18:05:39.417Z] <<< HTTP RESPONSE 200
[info] 
[info] === Deploying to 'cao-viver'...
[info] 
[info] i  deploying database, hosting
[info] i  database: checking rules syntax...
[debug] [2019-11-25T18:05:39.431Z] >>> HTTP REQUEST PUT https://cao-viver.firebaseio.com/.settings/rules.json?dryRun=true  
 {
  "rules": {
    "courses": {
      ".read": true,
      ".write": true
    }
  }
}
[debug] [2019-11-25T18:05:39.632Z] Error: getaddrinfo ENOTFOUND cao-viver.firebaseio.com cao-viver.firebaseio.com:443
    at GetAddrInfoReqWrap.onlookup [as oncomplete] (dns.js:57:26)
[error] 
[error] Error: Server Error. getaddrinfo ENOTFOUND cao-viver.firebaseio.com cao-viver.firebaseio.com:443
